01:08:07: Creating resource group General
01:08:07: Creating resource group Internal
01:08:07: Creating resource group Autodetect
01:08:07: Registering ResourceManager for type Material
01:08:07: Registering ResourceManager for type Skeleton
01:08:07: Registering ResourceManager for type Mesh
01:08:07: WARNING: conversion is an older format ([MeshSerializer_v1.30]); you should upgrade it as soon as possible using the OgreMeshUpgrade tool.
01:08:07: MeshSerializer writing mesh data to stream ...
01:08:07: File header written.
01:08:07: Writing mesh data...
01:08:07: Writing submesh...
01:08:07: Exporting submesh texture aliases...
01:08:07: Submesh texture aliases exported.
01:08:07: Submesh exported.
01:08:07: Exporting bounds information....
01:08:07: Bounds information exported.
01:08:07: Exporting submesh name table...
01:08:07: Submesh name table exported.
01:08:07: Exporting edge lists...
01:08:07: Edge lists exported
01:08:07: Mesh data exported.
01:08:07: MeshSerializer export successful.
01:08:07: Unregistering ResourceManager for type Mesh
01:08:07: Unregistering ResourceManager for type Skeleton
01:08:07: Unregistering ResourceManager for type Material
